[9748:6708:0219/120012:INFO:AppRunner.cpp(611)] Begin run process geeplayer, -runfrom openimage "D:\www\travel\img\640.webp", mainplugin is mainPlugin
[9748:6708:0219/120012:INFO:AppRunner.cpp(617)] ProductName is GeePlayer1
[9748:6708:0219/120012:INFO:ChannelManager.cpp(1219)] create connection thread
[9748:6708:0219/120012:INFO:AppRunner.cpp(661)] apppluginbase version is 5.1.3.13
[9748:6708:0219/120012:INFO:UIlib.cpp(192)] quilib: version is 5.1.3.9
[9748:6708:0219/120012:INFO:serviceManager.cpp(508)] mainprocessisrunning key is set as 1
[9748:6708:0219/120012:INFO:serviceManager.cpp(629)] create local service plugin PluginServerStatePlugin
[9748:6708:0219/120012:INFO:serviceManager.cpp(687)] plugin PluginServerStatePlugin DoPluginInit
[9748:6708:0219/120012:INFO:serviceManager.cpp(1272)] repository parse over
[9748:6708:0219/120015:INFO:UIManager.cpp(383)] quilib:call set resouce path, path is c:\program files (x86)\iqiyi video\geeplayer\2.5.38.3449\skin
[9748:6708:0219/120015:INFO:UIMarkup.cpp(395)] quilib:Open Resource failed, Path is c:\program files (x86)\iqiyi video\geeplayer\2.5.38.3449\skin\StyleTable.xml, last error is2
[9748:6708:0219/120015:INFO:UIDlgBuilder.cpp(512)] quilib:create root control failed
[9748:6708:0219/120015:INFO:UIDlgBuilder.cpp(512)] quilib:create root control failed
[9748:6708:0219/120015:INFO:UIDlgBuilder.cpp(512)] quilib:create root control failed
[9748:6708:0219/120015:INFO:UIDlgBuilder.cpp(512)] quilib:create root control failed
[9748:6708:0219/120015:INFO:UIDlgBuilder.cpp(512)] quilib:create root control failed
[9748:6708:0219/120015:INFO:UIDlgBuilder.cpp(512)] quilib:create root control failed
[9748:6708:0219/120019:INFO:AppRunner.cpp(720)] loop exit geeplayer call main plugin DestoryPluginEntry
[9748:6708:0219/120019:INFO:PluginDevelopAssistant.cpp(115)] real plugin mainPlugin call DestroyPlugin
[9748:6708:0219/120019:INFO:IPlugin.cpp(31)] destruct plugin mainPlugin
[9748:6708:0219/120019:INFO:serviceManager.cpp(1353)] mainPlugin plugin had destroy by DestructPlugin
[9748:6708:0219/120019:INFO:serviceManager.cpp(1906)] DestructManager begin
[9748:6708:0219/120019:INFO:IPlugin.cpp(31)] destruct plugin PluginServerStatePlugin
[9748:6708:0219/120019:INFO:PluginDevelopAssistant.cpp(295)] real plugin PluginServerStatePlugin call DestroyPlugin
[9748:6708:0219/120019:INFO:serviceManager.cpp(1353)] PluginServerStatePlugin plugin had destroy by DestructPlugin
[9748:6708:0219/120019:INFO:serviceManager.cpp(1759)] DeleteLeftPlugins begin
[9748:6708:0219/120019:INFO:serviceManager.cpp(1822)] DeleteLeftPlugins end
[9748:6708:0219/120019:INFO:serviceManager.cpp(508)] mainprocessisrunning key is set as 0
[9748:6708:0219/120019:INFO:AppRunner.cpp(735)] close mutex of process geeplayer
[9748:6708:0219/120019:INFO:AppRunner.cpp(743)] run process geeplayer end
[11844:1660:0219/120321:INFO:AppRunner.cpp(611)] Begin run process geeplayer, -runfrom openimage "D:\www\travel\img\640.webp", mainplugin is mainPlugin
[11844:1660:0219/120321:INFO:AppRunner.cpp(617)] ProductName is GeePlayer1
[11844:1660:0219/120321:INFO:ChannelManager.cpp(1219)] create connection thread
[11844:1660:0219/120321:INFO:AppRunner.cpp(661)] apppluginbase version is 5.1.3.13
[11844:1660:0219/120321:INFO:UIlib.cpp(192)] quilib: version is 5.1.3.9
[11844:1660:0219/120321:INFO:serviceManager.cpp(508)] mainprocessisrunning key is set as 1
[11844:1660:0219/120321:INFO:serviceManager.cpp(629)] create local service plugin PluginServerStatePlugin
[11844:1660:0219/120321:INFO:serviceManager.cpp(687)] plugin PluginServerStatePlugin DoPluginInit
[11844:1660:0219/120321:INFO:serviceManager.cpp(1272)] repository parse over
[11844:1660:0219/120321:INFO:UIManager.cpp(383)] quilib:call set resouce path, path is c:\program files (x86)\iqiyi video\geeplayer\2.5.38.3449\skin
[11844:1660:0219/120321:INFO:UIMarkup.cpp(395)] quilib:Open Resource failed, Path is c:\program files (x86)\iqiyi video\geeplayer\2.5.38.3449\skin\StyleTable.xml, last error is2
[11844:1660:0219/120321:INFO:UIDlgBuilder.cpp(512)] quilib:create root control failed
[11844:1660:0219/120321:INFO:UIDlgBuilder.cpp(512)] quilib:create root control failed
[11844:1660:0219/120321:INFO:UIDlgBuilder.cpp(512)] quilib:create root control failed
[11844:1660:0219/120321:INFO:UIDlgBuilder.cpp(512)] quilib:create root control failed
[11844:1660:0219/120321:INFO:UIDlgBuilder.cpp(512)] quilib:create root control failed
[11844:1660:0219/120321:INFO:UIDlgBuilder.cpp(512)] quilib:create root control failed
[11844:1660:0219/120321:INFO:UIDlgBuilder.cpp(512)] quilib:create root control failed
[11844:1660:0219/120327:INFO:AppRunner.cpp(720)] loop exit geeplayer call main plugin DestoryPluginEntry
[11844:1660:0219/120327:INFO:PluginDevelopAssistant.cpp(115)] real plugin mainPlugin call DestroyPlugin
[11844:1660:0219/120327:INFO:IPlugin.cpp(31)] destruct plugin mainPlugin
[11844:1660:0219/120327:INFO:serviceManager.cpp(1353)] mainPlugin plugin had destroy by DestructPlugin
[11844:1660:0219/120327:INFO:serviceManager.cpp(1906)] DestructManager begin
[11844:1660:0219/120327:INFO:IPlugin.cpp(31)] destruct plugin PluginServerStatePlugin
[11844:1660:0219/120327:INFO:PluginDevelopAssistant.cpp(295)] real plugin PluginServerStatePlugin call DestroyPlugin
[11844:1660:0219/120327:INFO:serviceManager.cpp(1353)] PluginServerStatePlugin plugin had destroy by DestructPlugin
[11844:1660:0219/120327:INFO:serviceManager.cpp(1759)] DeleteLeftPlugins begin
[11844:1660:0219/120327:INFO:serviceManager.cpp(1822)] DeleteLeftPlugins end
[11844:1660:0219/120327:INFO:serviceManager.cpp(508)] mainprocessisrunning key is set as 0
[11844:1660:0219/120327:INFO:AppRunner.cpp(735)] close mutex of process geeplayer
[11844:1660:0219/120327:INFO:AppRunner.cpp(743)] run process geeplayer end
